Start testing: Jun 15 05:09 UTC
----------------------------------------------------------
6/17 Testing: FrameDecoderTest.DecodeReturnsCompleteFrame
6/17 Test: FrameDecoderTest.DecodeReturnsCompleteFrame
Command: "/workspaces/iouring_cas_threadPool/build/frame_decoder_test" "--gtest_filter=FrameDecoderTest.DecodeReturnsCompleteFrame" "--gtest_also_run_disabled_tests"
Directory: /workspaces/iouring_cas_threadPool/build
"FrameDecoderTest.DecodeReturnsCompleteFrame" start time: Jun 15 05:09 UTC
Output:
----------------------------------------------------------
Running main() from /workspaces/iouring_cas_threadPool/build/_deps/googletest-src/googletest/src/gtest_main.cc
Note: Google Test filter = FrameDecoderTest.DecodeReturnsCompleteFrame
[==========] Running 1 test from 1 test suite.
[----------] Global test environment set-up.
[----------] 1 test from FrameDecoderTest
[ RUN      ] FrameDecoderTest.DecodeReturnsCompleteFrame
[       OK ] FrameDecoderTest.DecodeReturnsCompleteFrame (0 ms)
[----------] 1 test from FrameDecoderTest (0 ms total)

[----------] Global test environment tear-down
[==========] 1 test from 1 test suite ran. (0 ms total)
[  PASSED  ] 1 test.
<end of output>
Test time =   0.01 sec
----------------------------------------------------------
Test Passed.
"FrameDecoderTest.DecodeReturnsCompleteFrame" end time: Jun 15 05:09 UTC
"FrameDecoderTest.DecodeReturnsCompleteFrame" time elapsed: 00:00:00
----------------------------------------------------------

7/17 Testing: FrameDecoderTest.DecodeReturnsOkForPartialHeader
7/17 Test: FrameDecoderTest.DecodeReturnsOkForPartialHeader
Command: "/workspaces/iouring_cas_threadPool/build/frame_decoder_test" "--gtest_filter=FrameDecoderTest.DecodeReturnsOkForPartialHeader" "--gtest_also_run_disabled_tests"
Directory: /workspaces/iouring_cas_threadPool/build
"FrameDecoderTest.DecodeReturnsOkForPartialHeader" start time: Jun 15 05:09 UTC
Output:
----------------------------------------------------------
Running main() from /workspaces/iouring_cas_threadPool/build/_deps/googletest-src/googletest/src/gtest_main.cc
Note: Google Test filter = FrameDecoderTest.DecodeReturnsOkForPartialHeader
[==========] Running 1 test from 1 test suite.
[----------] Global test environment set-up.
[----------] 1 test from FrameDecoderTest
[ RUN      ] FrameDecoderTest.DecodeReturnsOkForPartialHeader
[       OK ] FrameDecoderTest.DecodeReturnsOkForPartialHeader (0 ms)
[----------] 1 test from FrameDecoderTest (0 ms total)

[----------] Global test environment tear-down
[==========] 1 test from 1 test suite ran. (0 ms total)
[  PASSED  ] 1 test.
<end of output>
Test time =   0.00 sec
----------------------------------------------------------
Test Passed.
"FrameDecoderTest.DecodeReturnsOkForPartialHeader" end time: Jun 15 05:09 UTC
"FrameDecoderTest.DecodeReturnsOkForPartialHeader" time elapsed: 00:00:00
----------------------------------------------------------

8/17 Testing: FrameDecoderTest.DecodeReturnsOkForPartialPayload
8/17 Test: FrameDecoderTest.DecodeReturnsOkForPartialPayload
Command: "/workspaces/iouring_cas_threadPool/build/frame_decoder_test" "--gtest_filter=FrameDecoderTest.DecodeReturnsOkForPartialPayload" "--gtest_also_run_disabled_tests"
Directory: /workspaces/iouring_cas_threadPool/build
"FrameDecoderTest.DecodeReturnsOkForPartialPayload" start time: Jun 15 05:09 UTC
Output:
----------------------------------------------------------
Running main() from /workspaces/iouring_cas_threadPool/build/_deps/googletest-src/googletest/src/gtest_main.cc
Note: Google Test filter = FrameDecoderTest.DecodeReturnsOkForPartialPayload
[==========] Running 1 test from 1 test suite.
[----------] Global test environment set-up.
[----------] 1 test from FrameDecoderTest
[ RUN      ] FrameDecoderTest.DecodeReturnsOkForPartialPayload
[       OK ] FrameDecoderTest.DecodeReturnsOkForPartialPayload (0 ms)
[----------] 1 test from FrameDecoderTest (0 ms total)

[----------] Global test environment tear-down
[==========] 1 test from 1 test suite ran. (1 ms total)
[  PASSED  ] 1 test.
<end of output>
Test time =   0.01 sec
----------------------------------------------------------
Test Passed.
"FrameDecoderTest.DecodeReturnsOkForPartialPayload" end time: Jun 15 05:09 UTC
"FrameDecoderTest.DecodeReturnsOkForPartialPayload" time elapsed: 00:00:00
----------------------------------------------------------

9/17 Testing: FrameDecoderTest.DecodeSplitsMultipleFramesAndLeavesTrailingPartialFrame
9/17 Test: FrameDecoderTest.DecodeSplitsMultipleFramesAndLeavesTrailingPartialFrame
Command: "/workspaces/iouring_cas_threadPool/build/frame_decoder_test" "--gtest_filter=FrameDecoderTest.DecodeSplitsMultipleFramesAndLeavesTrailingPartialFrame" "--gtest_also_run_disabled_tests"
Directory: /workspaces/iouring_cas_threadPool/build
"FrameDecoderTest.DecodeSplitsMultipleFramesAndLeavesTrailingPartialFrame" start time: Jun 15 05:09 UTC
Output:
----------------------------------------------------------
Running main() from /workspaces/iouring_cas_threadPool/build/_deps/googletest-src/googletest/src/gtest_main.cc
Note: Google Test filter = FrameDecoderTest.DecodeSplitsMultipleFramesAndLeavesTrailingPartialFrame
[==========] Running 1 test from 1 test suite.
[----------] Global test environment set-up.
[----------] 1 test from FrameDecoderTest
[ RUN      ] FrameDecoderTest.DecodeSplitsMultipleFramesAndLeavesTrailingPartialFrame
[       OK ] FrameDecoderTest.DecodeSplitsMultipleFramesAndLeavesTrailingPartialFrame (0 ms)
[----------] 1 test from FrameDecoderTest (0 ms total)

[----------] Global test environment tear-down
[==========] 1 test from 1 test suite ran. (0 ms total)
[  PASSED  ] 1 test.
<end of output>
Test time =   0.00 sec
----------------------------------------------------------
Test Passed.
"FrameDecoderTest.DecodeSplitsMultipleFramesAndLeavesTrailingPartialFrame" end time: Jun 15 05:09 UTC
"FrameDecoderTest.DecodeSplitsMultipleFramesAndLeavesTrailingPartialFrame" time elapsed: 00:00:00
----------------------------------------------------------

10/17 Testing: FrameDecoderTest.DecodeReturnsFrameErrorForZeroLength
10/17 Test: FrameDecoderTest.DecodeReturnsFrameErrorForZeroLength
Command: "/workspaces/iouring_cas_threadPool/build/frame_decoder_test" "--gtest_filter=FrameDecoderTest.DecodeReturnsFrameErrorForZeroLength" "--gtest_also_run_disabled_tests"
Directory: /workspaces/iouring_cas_threadPool/build
"FrameDecoderTest.DecodeReturnsFrameErrorForZeroLength" start time: Jun 15 05:09 UTC
Output:
----------------------------------------------------------
Running main() from /workspaces/iouring_cas_threadPool/build/_deps/googletest-src/googletest/src/gtest_main.cc
Note: Google Test filter = FrameDecoderTest.DecodeReturnsFrameErrorForZeroLength
[==========] Running 1 test from 1 test suite.
[----------] Global test environment set-up.
[----------] 1 test from FrameDecoderTest
[ RUN      ] FrameDecoderTest.DecodeReturnsFrameErrorForZeroLength
[       OK ] FrameDecoderTest.DecodeReturnsFrameErrorForZeroLength (0 ms)
[----------] 1 test from FrameDecoderTest (0 ms total)

[----------] Global test environment tear-down
[==========] 1 test from 1 test suite ran. (0 ms total)
[  PASSED  ] 1 test.
<end of output>
Test time =   0.00 sec
----------------------------------------------------------
Test Passed.
"FrameDecoderTest.DecodeReturnsFrameErrorForZeroLength" end time: Jun 15 05:09 UTC
"FrameDecoderTest.DecodeReturnsFrameErrorForZeroLength" time elapsed: 00:00:00
----------------------------------------------------------

11/17 Testing: FrameDecoderTest.DecodeReturnsFrameErrorForOversizedLength
11/17 Test: FrameDecoderTest.DecodeReturnsFrameErrorForOversizedLength
Command: "/workspaces/iouring_cas_threadPool/build/frame_decoder_test" "--gtest_filter=FrameDecoderTest.DecodeReturnsFrameErrorForOversizedLength" "--gtest_also_run_disabled_tests"
Directory: /workspaces/iouring_cas_threadPool/build
"FrameDecoderTest.DecodeReturnsFrameErrorForOversizedLength" start time: Jun 15 05:09 UTC
Output:
----------------------------------------------------------
Running main() from /workspaces/iouring_cas_threadPool/build/_deps/googletest-src/googletest/src/gtest_main.cc
Note: Google Test filter = FrameDecoderTest.DecodeReturnsFrameErrorForOversizedLength
[==========] Running 1 test from 1 test suite.
[----------] Global test environment set-up.
[----------] 1 test from FrameDecoderTest
[ RUN      ] FrameDecoderTest.DecodeReturnsFrameErrorForOversizedLength
[       OK ] FrameDecoderTest.DecodeReturnsFrameErrorForOversizedLength (0 ms)
[----------] 1 test from FrameDecoderTest (0 ms total)

[----------] Global test environment tear-down
[==========] 1 test from 1 test suite ran. (0 ms total)
[  PASSED  ] 1 test.
<end of output>
Test time =   0.00 sec
----------------------------------------------------------
Test Passed.
"FrameDecoderTest.DecodeReturnsFrameErrorForOversizedLength" end time: Jun 15 05:09 UTC
"FrameDecoderTest.DecodeReturnsFrameErrorForOversizedLength" time elapsed: 00:00:00
----------------------------------------------------------

12/17 Testing: FrameDecoderTest.DecodeSupportsByteByByteAccumulationAtCallSite
12/17 Test: FrameDecoderTest.DecodeSupportsByteByByteAccumulationAtCallSite
Command: "/workspaces/iouring_cas_threadPool/build/frame_decoder_test" "--gtest_filter=FrameDecoderTest.DecodeSupportsByteByByteAccumulationAtCallSite" "--gtest_also_run_disabled_tests"
Directory: /workspaces/iouring_cas_threadPool/build
"FrameDecoderTest.DecodeSupportsByteByByteAccumulationAtCallSite" start time: Jun 15 05:09 UTC
Output:
----------------------------------------------------------
Running main() from /workspaces/iouring_cas_threadPool/build/_deps/googletest-src/googletest/src/gtest_main.cc
Note: Google Test filter = FrameDecoderTest.DecodeSupportsByteByByteAccumulationAtCallSite
[==========] Running 1 test from 1 test suite.
[----------] Global test environment set-up.
[----------] 1 test from FrameDecoderTest
[ RUN      ] FrameDecoderTest.DecodeSupportsByteByByteAccumulationAtCallSite
[       OK ] FrameDecoderTest.DecodeSupportsByteByByteAccumulationAtCallSite (0 ms)
[----------] 1 test from FrameDecoderTest (0 ms total)

[----------] Global test environment tear-down
[==========] 1 test from 1 test suite ran. (0 ms total)
[  PASSED  ] 1 test.
<end of output>
Test time =   0.01 sec
----------------------------------------------------------
Test Passed.
"FrameDecoderTest.DecodeSupportsByteByByteAccumulationAtCallSite" end time: Jun 15 05:09 UTC
"FrameDecoderTest.DecodeSupportsByteByByteAccumulationAtCallSite" time elapsed: 00:00:00
----------------------------------------------------------

End testing: Jun 15 05:09 UTC
